Arguments: 
  C:\Program Files\nodejs\node.exe C:\Users\AJIOZ\AppData\Roaming\npm\node_modules\yarn\bin\yarn.js install

PATH: 
  C:\Program Files\Common Files\Oracle\Java\javapath;C:\WINDOWS\system32;C:\WINDOWS;C:\WINDOWS\System32\Wbem;C:\WINDOWS\System32\WindowsPowerShell\v1.0\;C:\WINDOWS\System32\OpenSSH\;C:\Program Files\Git\cmd;C:\Users\AJIOZ\cmake-3.20.0-windows-x86_64\cmake-3.20.0-windows-x86_64\bin;C:\Program Files\MySQL\MySQL Server 8.0\bin;C:\Program Files\MongoDB\Server\5.0\bin;C:\Users\AJIOZ\AppData\Roaming\nvm;C:\Program Files\nodejs;C:\Program Files\PostgreSQL\14\bin;C:\Program Files\PostgreSQL\14\lib;C:\ProgramData\chocolatey\bin;C:\Program Files\Amazon\AWSCLIV2\;C:\minikube;C:\Program Files\dotnet\;C:\MinGW\bin;C:\Program Files\Docker\Docker\resources\bin;C:\Program Files\MySQL\MySQL Shell 8.0\bin\;C:\Users\AJIOZ\AppData\Local\Programs\Python\Python39\Scripts\;C:\Users\AJIOZ\AppData\Local\Programs\Python\Python39\;C:\Users\AJIOZ\AppData\Local\Microsoft\WindowsApps;C:\Users\AJIOZ\AppData\Roaming\npm;C:\Users\AJIOZ\AppData\Local\Programs\Microsoft VS Code\bin;C:\Program Files\JetBrains\PyCharm 2020.3.3\bin;;C:\Program Files\JetBrains\PyCharm Community Edition 2021.1\bin;;C:\Program Files\heroku\bin;C:\Program Files\MongoDB\Server\5.0\bin;C:\Users\AJIOZ\AppData\Roaming\nvm;C:\Program Files\nodejs;C:\Users\AJIOZ\AppData\Local\GitHubDesktop\bin;C:\Program Files\Geth;C:\Program Files\MySQL\MySQL Server 8.0\bin;

Yarn version: 
  1.22.11

Node version: 
  14.15.0

Platform: 
  win32 x64

Trace: 
  Error: connect ECONNABORTED 104.16.16.35:443
      at TCPConnectWrap.afterConnect [as oncomplete] (net.js:1146:16)

npm manifest: 
  {
    "name": "firstapp",
    "version": "1.0.0",
    "main": "node_modules/expo/AppEntry.js",
    "scripts": {
      "start": "expo start",
      "android": "expo start --android",
      "ios": "expo start --ios",
      "web": "expo start --web"
    },
    "dependencies": {
      "expo": "~48.0.18",
      "expo-status-bar": "~1.4.4",
      "react": "18.2.0",
      "react-native": "0.71.8"
    },
    "devDependencies": {
      "@babel/core": "^7.20.0"
    },
    "private": true
  }

yarn manifest: 
  No manifest

Lockfile: 
  No lockfile
